{"/Users/jack/Desktop/tpl/virtual-tpl/lib/h2v.js":{"path":"/Users/jack/Desktop/tpl/virtual-tpl/lib/h2v.js","s":{"1":1,"2":1,"3":1,"4":23,"5":23,"6":23,"7":23,"8":1,"9":115,"10":115,"11":115,"12":115,"13":273,"14":273,"15":183,"16":182,"17":1,"18":90,"19":115,"20":1,"21":115,"22":115,"23":115,"24":67,"25":67,"26":67,"27":67,"28":115,"29":3,"30":115,"31":1,"32":1,"33":1},"b":{"1":[22,1],"2":[183,90],"3":[182,1],"4":[67,0],"5":[67,67],"6":[3,112],"7":[1,0]},"f":{"1":23,"2":115,"3":115},"fnMap":{"1":{"name":"h2v","line":8,"loc":{"start":{"line":8,"column":0},"end":{"line":8,"column":20}}},"2":{"name":"toVirtualDOM","line":20,"loc":{"start":{"line":20,"column":0},"end":{"line":20,"column":28}}},"3":{"name":"attrsToObj","line":40,"loc":{"start":{"line":40,"column":0},"end":{"line":40,"column":26}}}},"statementMap":{"1":{"start":{"line":5,"column":0},"end":{"line":5,"column":39}},"2":{"start":{"line":6,"column":0},"end":{"line":6,"column":15}},"3":{"start":{"line":8,"column":0},"end":{"line":18,"column":1}},"4":{"start":{"line":9,"column":2},"end":{"line":9,"column":42}},"5":{"start":{"line":10,"column":2},"end":{"line":10,"column":23}},"6":{"start":{"line":11,"column":2},"end":{"line":13,"column":10}},"7":{"start":{"line":14,"column":2},"end":{"line":17,"column":3}},"8":{"start":{"line":20,"column":0},"end":{"line":38,"column":1}},"9":{"start":{"line":21,"column":2},"end":{"line":21,"column":41}},"10":{"start":{"line":22,"column":2},"end":{"line":22,"column":29}},"11":{"start":{"line":23,"column":2},"end":{"line":23,"column":19}},"12":{"start":{"line":24,"column":2},"end":{"line":36,"column":3}},"13":{"start":{"line":25,"column":4},"end":{"line":25,"column":32}},"14":{"start":{"line":27,"column":4},"end":{"line":35,"column":5}},"15":{"start":{"line":28,"column":6},"end":{"line":32,"column":7}},"16":{"start":{"line":29,"column":8},"end":{"line":29,"column":37}},"17":{"start":{"line":31,"column":8},"end":{"line":31,"column":39}},"18":{"start":{"line":34,"column":6},"end":{"line":34,"column":39}},"19":{"start":{"line":37,"column":2},"end":{"line":37,"column":37}},"20":{"start":{"line":40,"column":0},"end":{"line":54,"column":1}},"21":{"start":{"line":41,"column":2},"end":{"line":41,"column":28}},"22":{"start":{"line":42,"column":2},"end":{"line":42,"column":16}},"23":{"start":{"line":43,"column":2},"end":{"line":49,"column":3}},"24":{"start":{"line":44,"column":4},"end":{"line":44,"column":28}},"25":{"start":{"line":45,"column":4},"end":{"line":45,"column":30}},"26":{"start":{"line":46,"column":4},"end":{"line":48,"column":5}},"27":{"start":{"line":47,"column":6},"end":{"line":47,"column":25}},"28":{"start":{"line":50,"column":2},"end":{"line":52,"column":3}},"29":{"start":{"line":51,"column":4},"end":{"line":51,"column":35}},"30":{"start":{"line":53,"column":2},"end":{"line":53,"column":14}},"31":{"start":{"line":56,"column":0},"end":{"line":58,"column":1}},"32":{"start":{"line":57,"column":2},"end":{"line":57,"column":33}},"33":{"start":{"line":60,"column":0},"end":{"line":60,"column":20}}},"branchMap":{"1":{"line":11,"type":"cond-expr","locations":[{"start":{"line":12,"column":6},"end":{"line":12,"column":24}},{"start":{"line":13,"column":6},"end":{"line":13,"column":10}}]},"2":{"line":27,"type":"if","locations":[{"start":{"line":27,"column":4},"end":{"line":27,"column":4}},{"start":{"line":27,"column":4},"end":{"line":27,"column":4}}]},"3":{"line":28,"type":"if","locations":[{"start":{"line":28,"column":6},"end":{"line":28,"column":6}},{"start":{"line":28,"column":6},"end":{"line":28,"column":6}}]},"4":{"line":46,"type":"if","locations":[{"start":{"line":46,"column":4},"end":{"line":46,"column":4}},{"start":{"line":46,"column":4},"end":{"line":46,"column":4}}]},"5":{"line":46,"type":"binary-expr","locations":[{"start":{"line":46,"column":8},"end":{"line":46,"column":13}},{"start":{"line":46,"column":17},"end":{"line":46,"column":33}}]},"6":{"line":50,"type":"if","locations":[{"start":{"line":50,"column":2},"end":{"line":50,"column":2}},{"start":{"line":50,"column":2},"end":{"line":50,"column":2}}]},"7":{"line":56,"type":"if","locations":[{"start":{"line":56,"column":0},"end":{"line":56,"column":0}},{"start":{"line":56,"column":0},"end":{"line":56,"column":0}}]}}},"/Users/jack/Desktop/tpl/virtual-tpl/lib/utils.js":{"path":"/Users/jack/Desktop/tpl/virtual-tpl/lib/utils.js","s":{"1":4,"2":4,"3":24,"4":50,"5":49,"6":24,"7":4,"8":2,"9":2,"10":2,"11":1,"12":1,"13":1,"14":1,"15":4},"b":{"1":[49,1],"2":[2,2],"3":[2,1,1,1,1],"4":[1,1]},"f":{"1":24,"2":1,"3":1},"fnMap":{"1":{"name":"(anonymous_1)","line":10,"loc":{"start":{"line":10,"column":11},"end":{"line":10,"column":32}}},"2":{"name":"(anonymous_2)","line":29,"loc":{"start":{"line":29,"column":17},"end":{"line":29,"column":29}}},"3":{"name":"(anonymous_3)","line":33,"loc":{"start":{"line":33,"column":17},"end":{"line":33,"column":33}}}},"statementMap":{"1":{"start":{"line":1,"column":0},"end":{"line":1,"column":10}},"2":{"start":{"line":10,"column":0},"end":{"line":17,"column":1}},"3":{"start":{"line":11,"column":2},"end":{"line":15,"column":3}},"4":{"start":{"line":12,"column":4},"end":{"line":14,"column":5}},"5":{"start":{"line":13,"column":6},"end":{"line":13,"column":26}},"6":{"start":{"line":16,"column":2},"end":{"line":16,"column":13}},"7":{"start":{"line":19,"column":0},"end":{"line":39,"column":1}},"8":{"start":{"line":20,"column":2},"end":{"line":20,"column":31}},"9":{"start":{"line":22,"column":2},"end":{"line":26,"column":34}},"10":{"start":{"line":28,"column":2},"end":{"line":38,"column":3}},"11":{"start":{"line":29,"column":4},"end":{"line":31,"column":5}},"12":{"start":{"line":30,"column":6},"end":{"line":30,"column":39}},"13":{"start":{"line":33,"column":4},"end":{"line":37,"column":5}},"14":{"start":{"line":36,"column":6},"end":{"line":36,"column":22}},"15":{"start":{"line":41,"column":0},"end":{"line":41,"column":18}}},"branchMap":{"1":{"line":12,"type":"if","locations":[{"start":{"line":12,"column":4},"end":{"line":12,"column":4}},{"start":{"line":12,"column":4},"end":{"line":12,"column":4}}]},"2":{"line":19,"type":"if","locations":[{"start":{"line":19,"column":0},"end":{"line":19,"column":0}},{"start":{"line":19,"column":0},"end":{"line":19,"column":0}}]},"3":{"line":22,"type":"binary-expr","locations":[{"start":{"line":22,"column":17},"end":{"line":22,"column":45}},{"start":{"line":23,"column":4},"end":{"line":23,"column":38}},{"start":{"line":24,"column":4},"end":{"line":24,"column":35}},{"start":{"line":25,"column":4},"end":{"line":25,"column":33}},{"start":{"line":26,"column":4},"end":{"line":26,"column":34}}]},"4":{"line":28,"type":"if","locations":[{"start":{"line":28,"column":2},"end":{"line":28,"column":2}},{"start":{"line":28,"column":2},"end":{"line":28,"column":2}}]}}},"/Users/jack/Desktop/tpl/virtual-tpl/lib/virtual-template.js":{"path":"/Users/jack/Desktop/tpl/virtual-tpl/lib/virtual-template.js","s":{"1":1,"2":1,"3":1,"4":1,"5":1,"6":1,"7":1,"8":9,"9":9,"10":9,"11":9,"12":9,"13":9,"14":8,"15":8,"16":1,"17":14,"18":14,"19":2,"20":12,"21":7,"22":7,"23":7,"24":7,"25":14,"26":8,"27":8,"28":1,"29":9,"30":9,"31":9,"32":9,"33":9,"34":9,"35":9,"36":8,"37":8,"38":9,"39":1,"40":18,"41":18,"42":1,"43":8,"44":8},"b":{"1":[2,12],"2":[14,3],"3":[7,5],"4":[8,6],"5":[8,0],"6":[6,2]},"f":{"1":8,"2":9,"3":14,"4":7,"5":9,"6":18,"7":8},"fnMap":{"1":{"name":"makeTemplateClass","line":8,"loc":{"start":{"line":8,"column":0},"end":{"line":8,"column":39}}},"2":{"name":"VirtualTemplate","line":9,"loc":{"start":{"line":9,"column":2},"end":{"line":9,"column":34}}},"3":{"name":"setData","line":28,"loc":{"start":{"line":28,"column":0},"end":{"line":28,"column":32}}},"4":{"name":"(anonymous_4)","line":36,"loc":{"start":{"line":36,"column":15},"end":{"line":36,"column":27}}},"5":{"name":"flush","line":46,"loc":{"start":{"line":46,"column":0},"end":{"line":46,"column":18}}},"6":{"name":"makeVirtualDOM","line":62,"loc":{"start":{"line":62,"column":0},"end":{"line":62,"column":27}}},"7":{"name":"(anonymous_7)","line":67,"loc":{"start":{"line":67,"column":17},"end":{"line":67,"column":44}}}},"statementMap":{"1":{"start":{"line":1,"column":0},"end":{"line":1,"column":26}},"2":{"start":{"line":2,"column":0},"end":{"line":2,"column":26}},"3":{"start":{"line":3,"column":0},"end":{"line":3,"column":39}},"4":{"start":{"line":5,"column":0},"end":{"line":5,"column":19}},"5":{"start":{"line":6,"column":0},"end":{"line":6,"column":21}},"6":{"start":{"line":8,"column":0},"end":{"line":26,"column":1}},"7":{"start":{"line":9,"column":2},"end":{"line":16,"column":3}},"8":{"start":{"line":10,"column":4},"end":{"line":10,"column":20}},"9":{"start":{"line":11,"column":4},"end":{"line":11,"column":42}},"10":{"start":{"line":12,"column":4},"end":{"line":12,"column":31}},"11":{"start":{"line":13,"column":4},"end":{"line":13,"column":29}},"12":{"start":{"line":14,"column":4},"end":{"line":14,"column":24}},"13":{"start":{"line":15,"column":4},"end":{"line":15,"column":28}},"14":{"start":{"line":18,"column":2},"end":{"line":23,"column":4}},"15":{"start":{"line":25,"column":2},"end":{"line":25,"column":24}},"16":{"start":{"line":28,"column":0},"end":{"line":44,"column":1}},"17":{"start":{"line":29,"column":2},"end":{"line":29,"column":27}},"18":{"start":{"line":30,"column":2},"end":{"line":39,"column":3}},"19":{"start":{"line":31,"column":4},"end":{"line":31,"column":16}},"20":{"start":{"line":32,"column":9},"end":{"line":39,"column":3}},"21":{"start":{"line":33,"column":4},"end":{"line":33,"column":23}},"22":{"start":{"line":34,"column":4},"end":{"line":34,"column":19}},"23":{"start":{"line":36,"column":4},"end":{"line":38,"column":6}},"24":{"start":{"line":37,"column":6},"end":{"line":37,"column":18}},"25":{"start":{"line":40,"column":2},"end":{"line":43,"column":3}},"26":{"start":{"line":41,"column":4},"end":{"line":41,"column":25}},"27":{"start":{"line":42,"column":4},"end":{"line":42,"column":38}},"28":{"start":{"line":46,"column":0},"end":{"line":60,"column":1}},"29":{"start":{"line":48,"column":2},"end":{"line":48,"column":42}},"30":{"start":{"line":49,"column":2},"end":{"line":49,"column":40}},"31":{"start":{"line":50,"column":2},"end":{"line":50,"column":26}},"32":{"start":{"line":51,"column":2},"end":{"line":51,"column":21}},"33":{"start":{"line":52,"column":2},"end":{"line":52,"column":22}},"34":{"start":{"line":53,"column":2},"end":{"line":53,"column":37}},"35":{"start":{"line":54,"column":2},"end":{"line":58,"column":3}},"36":{"start":{"line":55,"column":4},"end":{"line":57,"column":5}},"37":{"start":{"line":56,"column":6},"end":{"line":56,"column":20}},"38":{"start":{"line":59,"column":2},"end":{"line":59,"column":26}},"39":{"start":{"line":62,"column":0},"end":{"line":65,"column":1}},"40":{"start":{"line":63,"column":2},"end":{"line":63,"column":38}},"41":{"start":{"line":64,"column":2},"end":{"line":64,"column":18}},"42":{"start":{"line":67,"column":0},"end":{"line":72,"column":1}},"43":{"start":{"line":68,"column":2},"end":{"line":68,"column":52}},"44":{"start":{"line":69,"column":2},"end":{"line":71,"column":21}}},"branchMap":{"1":{"line":30,"type":"if","locations":[{"start":{"line":30,"column":2},"end":{"line":30,"column":2}},{"start":{"line":30,"column":2},"end":{"line":30,"column":2}}]},"2":{"line":30,"type":"binary-expr","locations":[{"start":{"line":30,"column":6},"end":{"line":30,"column":33}},{"start":{"line":30,"column":37},"end":{"line":30,"column":43}}]},"3":{"line":32,"type":"if","locations":[{"start":{"line":32,"column":9},"end":{"line":32,"column":9}},{"start":{"line":32,"column":9},"end":{"line":32,"column":9}}]},"4":{"line":40,"type":"if","locations":[{"start":{"line":40,"column":2},"end":{"line":40,"column":2}},{"start":{"line":40,"column":2},"end":{"line":40,"column":2}}]},"5":{"line":55,"type":"if","locations":[{"start":{"line":55,"column":4},"end":{"line":55,"column":4}},{"start":{"line":55,"column":4},"end":{"line":55,"column":4}}]},"6":{"line":69,"type":"cond-expr","locations":[{"start":{"line":70,"column":6},"end":{"line":70,"column":31}},{"start":{"line":71,"column":6},"end":{"line":71,"column":21}}]}}}}