TN:
SF:/Users/jack/Desktop/tpl/virtual-tpl/lib/h2v.js
FN:8,h2v
FN:20,toVirtualDOM
FN:40,attrsToObj
FNF:3
FNH:3
FNDA:23,h2v
FNDA:115,toVirtualDOM
FNDA:115,attrsToObj
DA:5,1
DA:6,1
DA:8,1
DA:9,23
DA:10,23
DA:11,23
DA:14,23
DA:20,1
DA:21,115
DA:22,115
DA:23,115
DA:24,115
DA:25,273
DA:27,273
DA:28,183
DA:29,182
DA:31,1
DA:34,90
DA:37,115
DA:40,1
DA:41,115
DA:42,115
DA:43,115
DA:44,67
DA:45,67
DA:46,67
DA:47,67
DA:50,115
DA:51,3
DA:53,115
DA:56,1
DA:57,1
DA:60,1
LF:33
LH:33
BRDA:11,1,0,22
BRDA:11,1,1,1
BRDA:27,2,0,183
BRDA:27,2,1,90
BRDA:28,3,0,182
BRDA:28,3,1,1
BRDA:46,4,0,67
BRDA:46,4,1,0
BRDA:46,5,0,67
BRDA:46,5,1,67
BRDA:50,6,0,3
BRDA:50,6,1,112
BRDA:56,7,0,1
BRDA:56,7,1,0
BRF:14
BRH:12
end_of_record
TN:
SF:/Users/jack/Desktop/tpl/virtual-tpl/lib/utils.js
FN:10,(anonymous_1)
FN:29,(anonymous_2)
FN:33,(anonymous_3)
FNF:3
FNH:3
FNDA:24,(anonymous_1)
FNDA:1,(anonymous_2)
FNDA:1,(anonymous_3)
DA:1,4
DA:10,4
DA:11,24
DA:12,50
DA:13,49
DA:16,24
DA:19,4
DA:20,2
DA:22,2
DA:28,2
DA:29,1
DA:30,1
DA:33,1
DA:36,1
DA:41,4
LF:15
LH:15
BRDA:12,1,0,49
BRDA:12,1,1,1
BRDA:19,2,0,2
BRDA:19,2,1,2
BRDA:22,3,0,2
BRDA:22,3,1,1
BRDA:22,3,2,1
BRDA:22,3,3,1
BRDA:22,3,4,1
BRDA:28,4,0,1
BRDA:28,4,1,1
BRF:11
BRH:11
end_of_record
TN:
SF:/Users/jack/Desktop/tpl/virtual-tpl/lib/virtual-template.js
FN:8,makeTemplateClass
FN:9,VirtualTemplate
FN:28,setData
FN:36,(anonymous_4)
FN:46,flush
FN:62,makeVirtualDOM
FN:67,(anonymous_7)
FNF:7
FNH:7
FNDA:8,makeTemplateClass
FNDA:9,VirtualTemplate
FNDA:14,setData
FNDA:7,(anonymous_4)
FNDA:9,flush
FNDA:18,makeVirtualDOM
FNDA:8,(anonymous_7)
DA:1,1
DA:2,1
DA:3,1
DA:5,1
DA:6,1
DA:8,1
DA:9,1
DA:10,9
DA:11,9
DA:12,9
DA:13,9
DA:14,9
DA:15,9
DA:18,8
DA:25,8
DA:28,1
DA:29,14
DA:30,14
DA:31,2
DA:32,12
DA:33,7
DA:34,7
DA:36,7
DA:37,7
DA:40,14
DA:41,8
DA:42,8
DA:46,1
DA:48,9
DA:49,9
DA:50,9
DA:51,9
DA:52,9
DA:53,9
DA:54,9
DA:55,8
DA:56,8
DA:59,9
DA:62,1
DA:63,18
DA:64,18
DA:67,1
DA:68,8
DA:69,8
LF:44
LH:44
BRDA:30,1,0,2
BRDA:30,1,1,12
BRDA:30,2,0,14
BRDA:30,2,1,3
BRDA:32,3,0,7
BRDA:32,3,1,5
BRDA:40,4,0,8
BRDA:40,4,1,6
BRDA:55,5,0,8
BRDA:55,5,1,0
BRDA:69,6,0,6
BRDA:69,6,1,2
BRF:12
BRH:11
end_of_record
